<?xml version="1.0" encoding="UTF-8"?>
<testng-results total="2" passed="2" failed="0" skipped="0">
  <reporter-output>
  </reporter-output>
  <suite started-at="2021-12-03T09:55:57Z" name="com.design.patterns.creational.SingletonNGTest" finished-at="2021-12-03T09:55:57Z" duration-ms="103">
    <groups>
    </groups>
    <test started-at="2021-12-03T09:55:57Z" name="Command line test" finished-at="2021-12-03T09:55:57Z" duration-ms="103">
      <class name="com.design.patterns.creational.SingletonNGTest">
        <test-method signature="testInstanceFieldIsEqual()[pri:0, instance:com.design.patterns.creational.SingletonNGTest@70be0a2b]" started-at="2021-12-03T09:55:57Z" name="testInstanceFieldIsEqual" finished-at="2021-12-03T09:55:57Z" duration-ms="95" status="PASS">
          <reporter-output>
          </reporter-output>
        </test-method> <!-- testInstanceFieldIsEqual -->
        <test-method signature="testInstanceIsEqual()[pri:0, instance:com.design.patterns.creational.SingletonNGTest@70be0a2b]" started-at="2021-12-03T09:55:57Z" name="testInstanceIsEqual" finished-at="2021-12-03T09:55:57Z" duration-ms="1" status="PASS">
          <reporter-output>
          </reporter-output>
        </test-method> <!-- testInstanceIsEqual -->
      </class> <!-- com.design.patterns.creational.SingletonNGTest -->
    </test> <!-- Command line test -->
  </suite> <!-- com.design.patterns.creational.SingletonNGTest -->
</testng-results>
